# JRE version: Java(TM) SE Runtime Environment (26.0.1+8) (build 26.0.1+8-34)
# Java VM: Java HotSpot(TM) 64-Bit Server VM (26.0.1+8-34, mixed mode, sharing, tiered, compressed oops, compressed class ptrs, g1 gc, windows-amd64)
GC Precious Log:
 CardTable entry size: 512
 Card Set container configuration: InlinePtr #cards 4 size 8 Array Of Cards #cards 32 size 80 Howl #buckets 8 coarsen threshold 7372 Howl Bitmap #cards 1024 size 144 coarsen threshold 921 Card regions per heap region 1 cards per card region 8192
 CPUs: 16 total, 16 available
 Memory: 32107M
 Large Page Support: Disabled
 NUMA Support: Disabled
 Compressed Oops: Enabled (Zero based)
 Heap Region Size: 4M
 Heap Min Capacity: 8M
 Heap Initial Capacity: 8M
 Heap Max Capacity: 8028M
 Pre-touch: Disabled
 Parallel Workers: 13
 Concurrent Workers: 3
 Concurrent Refinement Workers: 13
 Periodic GC: Disabled
Heap:
 garbage-first heap   total reserved 8220672K, committed 77824K, used 49408K [0x000000060a400000, 0x0000000800000000)
  region size 4M, 0 eden (0M), 1 survivor (4M), 11 old (44M), 1 humongous (4M), 6 free (24M)
GC Heap Usage History (20 events):
Event: 2.351 {heap After GC invocations=10 (full 0):
 garbage-first heap   total reserved 8220672K, committed 45056K, used 11704K [0x000000060a400000, 0x0000000800000000)
  region size 4M, 0 eden (0M), 1 survivor (4M), 3 old (12M), 0 humongous (0M), 7 free (28M)
}
Event: 2.615 {heap Before GC invocations=10 (full 0):
 garbage-first heap   total reserved 8220672K, committed 45056K, used 28088K [0x000000060a400000, 0x0000000800000000)
  region size 4M, 5 eden (20M), 1 survivor (4M), 3 old (12M), 0 humongous (0M), 2 free (8M)
}
Event: 2.621 {heap After GC invocations=11 (full 0):
 garbage-first heap   total reserved 8220672K, committed 45056K, used 14323K [0x000000060a400000, 0x0000000800000000)
  region size 4M, 0 eden (0M), 1 survivor (4M), 3 old (12M), 0 humongous (0M), 7 free (28M)
}
Event: 2.890 {heap Before GC invocations=11 (full 0):
 garbage-first heap   total reserved 8220672K, committed 45056K, used 30707K [0x000000060a400000, 0x0000000800000000)
  region size 4M, 5 eden (20M), 1 survivor (4M), 3 old (12M), 0 humongous (0M), 2 free (8M)
}
Event: 2.894 {heap After GC invocations=12 (full 0):
 garbage-first heap   total reserved 8220672K, committed 69632K, used 14877K [0x000000060a400000, 0x0000000800000000)
  region size 4M, 0 eden (0M), 1 survivor (4M), 4 old (16M), 0 humongous (0M), 12 free (48M)
}
Event: 3.259 {heap Before GC invocations=12 (full 0):
 garbage-first heap   total reserved 8220672K, committed 69632K, used 51741K [0x000000060a400000, 0x0000000800000000)
  region size 4M, 9 eden (36M), 1 survivor (4M), 4 old (16M), 0 humongous (0M), 3 free (12M)
}
Event: 3.263 {heap After GC invocations=13 (full 0):
 garbage-first heap   total reserved 8220672K, committed 69632K, used 16090K [0x000000060a400000, 0x0000000800000000)
  region size 4M, 0 eden (0M), 1 survivor (4M), 4 old (16M), 0 humongous (0M), 12 free (48M)
}
Event: 4.063 {heap Before GC invocations=13 (full 0):
 garbage-first heap   total reserved 8220672K, committed 69632K, used 52954K [0x000000060a400000, 0x0000000800000000)
  region size 4M, 9 eden (36M), 1 survivor (4M), 4 old (16M), 0 humongous (0M), 3 free (12M)
}
Event: 4.068 {heap After GC invocations=14 (full 0):
 garbage-first heap   total reserved 8220672K, committed 69632K, used 18293K [0x000000060a400000, 0x0000000800000000)
  region size 4M, 0 eden (0M), 2 survivor (8M), 4 old (16M), 0 humongous (0M), 11 free (44M)
}
Event: 4.595 {heap Before GC invocations=14 (full 0):
 garbage-first heap   total reserved 8220672K, committed 69632K, used 51061K [0x000000060a400000, 0x0000000800000000)
  region size 4M, 7 eden (28M), 2 survivor (8M), 4 old (16M), 2 humongous (8M), 2 free (8M)
}
Event: 4.603 {heap After GC invocations=15 (full 0):
 garbage-first heap   total reserved 8220672K, committed 69632K, used 31000K [0x000000060a400000, 0x0000000800000000)
  region size 4M, 0 eden (0M), 2 survivor (8M), 4 old (16M), 2 humongous (8M), 9 free (36M)
}
Event: 5.041 {heap Before GC invocations=16 (full 0):
 garbage-first heap   total reserved 8220672K, committed 69632K, used 55576K [0x000000060a400000, 0x0000000800000000)
  region size 4M, 6 eden (24M), 2 survivor (8M), 4 old (16M), 2 humongous (8M), 3 free (12M)
}
Event: 5.056 {heap After GC invocations=17 (full 0):
 garbage-first heap   total reserved 8220672K, committed 77824K, used 42788K [0x000000060a400000, 0x0000000800000000)
  region size 4M, 0 eden (0M), 1 survivor (4M), 8 old (32M), 2 humongous (8M), 8 free (32M)
}
Event: 5.171 {heap Before GC invocations=17 (full 0):
 garbage-first heap   total reserved 8220672K, committed 77824K, used 59172K [0x000000060a400000, 0x0000000800000000)
  region size 4M, 4 eden (16M), 1 survivor (4M), 8 old (32M), 2 humongous (8M), 4 free (16M)
}
Event: 5.181 {heap After GC invocations=18 (full 0):
 garbage-first heap   total reserved 8220672K, committed 77824K, used 47072K [0x000000060a400000, 0x0000000800000000)
  region size 4M, 0 eden (0M), 1 survivor (4M), 9 old (36M), 2 humongous (8M), 7 free (28M)
}
Event: 5.388 {heap Before GC invocations=18 (full 0):
 garbage-first heap   total reserved 8220672K, committed 77824K, used 63456K [0x000000060a400000, 0x0000000800000000)
  region size 4M, 4 eden (16M), 1 survivor (4M), 9 old (36M), 2 humongous (8M), 3 free (12M)
}
Event: 5.395 {heap After GC invocations=19 (full 0):
 garbage-first heap   total reserved 8220672K, committed 77824K, used 52351K [0x000000060a400000, 0x0000000800000000)
  region size 4M, 0 eden (0M), 1 survivor (4M), 10 old (40M), 2 humongous (8M), 6 free (24M)
}
Event: 5.717 {heap Before GC invocations=20 (full 0):
 garbage-first heap   total reserved 8220672K, committed 77824K, used 60543K [0x000000060a400000, 0x0000000800000000)
  region size 4M, 3 eden (12M), 1 survivor (4M), 10 old (40M), 1 humongous (4M), 4 free (16M)
}
Event: 5.726 {heap After GC invocations=21 (full 0):
 garbage-first heap   total reserved 8220672K, committed 77824K, used 51067K [0x000000060a400000, 0x0000000800000000)
  region size 4M, 0 eden (0M), 1 survivor (4M), 11 old (44M), 1 humongous (4M), 6 free (24M)
}
Event: 6.177 {heap Before GC invocations=21 (full 0):
 garbage-first heap   total reserved 8220672K, committed 77824K, used 63355K [0x000000060a400000, 0x0000000800000000)
  region size 4M, 3 eden (12M), 1 survivor (4M), 11 old (44M), 1 humongous (4M), 3 free (12M)
}

